# JRE version: 7.0_11-b21
# Java VM: Java HotSpot(TM) Client VM (23.6-b04 mixed mode windows-x86 )
Heap
 def new generation   total 29056K, used 13739K [0x102e0000, 0x12260000, 0x122e0000)
  eden space 25856K,  44% used [0x102e0000, 0x10e17fd0, 0x11c20000)
  from space 3200K,  70% used [0x11f40000, 0x12172fe0, 0x12260000)
  to   space 3200K,   0% used [0x11c20000, 0x11c20000, 0x11f40000)
 tenured generation   total 96700K, used 76421K [0x122e0000, 0x1814f000, 0x182e0000)
   the space 96700K,  79% used [0x122e0000, 0x16d81608, 0x16d81800, 0x1814f000)
 compacting perm gen  total 38144K, used 37998K [0x182e0000, 0x1a820000, 0x1e2e0000)
   the space 38144K,  99% used [0x182e0000, 0x1a7fbb00, 0x1a7fbc00, 0x1a820000)
GC Heap History (10 events):
Event: 57060.036 GC heap before
{Heap before GC invocations=573 (full 2):
 def new generation   total 29056K, used 26718K [0x102e0000, 0x12260000, 0x122e0000)
  eden space 25856K, 100% used [0x102e0000, 0x11c20000, 0x11c20000)
  from space 3200K,  26% used [0x11c20000, 0x11cf7820, 0x11f40000)
  to   space 3200K,   0% used [0x11f40000, 0x11f40000, 0x12260000)
 tenured generation   total 96700K, used 76421K [0x122e0000, 0x1814f000, 0x182e0000)
   the space 96700K,  79% used [0x122e0000, 0x16d81608, 0x16d81800, 0x1814f000)
 compacting perm gen  total 38144K, used 37991K [0x182e0000, 0x1a820000, 0x1e2e0000)
   the space 38144K,  99% used [0x182e0000, 0x1a7f9d88, 0x1a7f9e00, 0x1a820000)
No shared spaces configured.
Event: 57060.043 GC heap after
Heap after GC invocations=574 (full 2):
 def new generation   total 29056K, used 946K [0x102e0000, 0x12260000, 0x122e0000)
  eden space 25856K,   0% used [0x102e0000, 0x102e0000, 0x11c20000)
  from space 3200K,  29% used [0x11f40000, 0x1202c8f0, 0x12260000)
  to   space 3200K,   0% used [0x11c20000, 0x11c20000, 0x11f40000)
 tenured generation   total 96700K, used 76421K [0x122e0000, 0x1814f000, 0x182e0000)
   the space 96700K,  79% used [0x122e0000, 0x16d81608, 0x16d81800, 0x1814f000)
 compacting perm gen  total 38144K, used 37991K [0x182e0000, 0x1a820000, 0x1e2e0000)
   the space 38144K,  99% used [0x182e0000, 0x1a7f9d88, 0x1a7f9e00, 0x1a820000)
No shared spaces configured.
}
Event: 57063.576 GC heap before
{Heap before GC invocations=574 (full 2):
 def new generation   total 29056K, used 26802K [0x102e0000, 0x12260000, 0x122e0000)
  eden space 25856K, 100% used [0x102e0000, 0x11c20000, 0x11c20000)
  from space 3200K,  29% used [0x11f40000, 0x1202c8f0, 0x12260000)
  to   space 3200K,   0% used [0x11c20000, 0x11c20000, 0x11f40000)
 tenured generation   total 96700K, used 76421K [0x122e0000, 0x1814f000, 0x182e0000)
   the space 96700K,  79% used [0x122e0000, 0x16d81608, 0x16d81800, 0x1814f000)
 compacting perm gen  total 38144K, used 37991K [0x182e0000, 0x1a820000, 0x1e2e0000)
   the space 38144K,  99% used [0x182e0000, 0x1a7f9d88, 0x1a7f9e00, 0x1a820000)
No shared spaces configured.
Event: 57063.584 GC heap after
Heap after GC invocations=575 (full 2):
 def new generation   total 29056K, used 989K [0x102e0000, 0x12260000, 0x122e0000)
  eden space 25856K,   0% used [0x102e0000, 0x102e0000, 0x11c20000)
  from space 3200K,  30% used [0x11c20000, 0x11d17488, 0x11f40000)
  to   space 3200K,   0% used [0x11f40000, 0x11f40000, 0x12260000)
 tenured generation   total 96700K, used 76421K [0x122e0000, 0x1814f000, 0x182e0000)
   the space 96700K,  79% used [0x122e0000, 0x16d81608, 0x16d81800, 0x1814f000)
 compacting perm gen  total 38144K, used 37991K [0x182e0000, 0x1a820000, 0x1e2e0000)
   the space 38144K,  99% used [0x182e0000, 0x1a7f9d88, 0x1a7f9e00, 0x1a820000)
No shared spaces configured.
}
Event: 57091.943 GC heap before
{Heap before GC invocations=575 (full 2):
 def new generation   total 29056K, used 26845K [0x102e0000, 0x12260000, 0x122e0000)
  eden space 25856K, 100% used [0x102e0000, 0x11c20000, 0x11c20000)
  from space 3200K,  30% used [0x11c20000, 0x11d17488, 0x11f40000)
  to   space 3200K,   0% used [0x11f40000, 0x11f40000, 0x12260000)
 tenured generation   total 96700K, used 76421K [0x122e0000, 0x1814f000, 0x182e0000)
   the space 96700K,  79% used [0x122e0000, 0x16d81608, 0x16d81800, 0x1814f000)
 compacting perm gen  total 38144K, used 37991K [0x182e0000, 0x1a820000, 0x1e2e0000)
   the space 38144K,  99% used [0x182e0000, 0x1a7f9da8, 0x1a7f9e00, 0x1a820000)
No shared spaces configured.
Event: 57091.953 GC heap after
Heap after GC invocations=576 (full 2):
 def new generation   total 29056K, used 1127K [0x102e0000, 0x12260000, 0x122e0000)
  eden space 25856K,   0% used [0x102e0000, 0x102e0000, 0x11c20000)
  from space 3200K,  35% used [0x11f40000, 0x12059d48, 0x12260000)
  to   space 3200K,   0% used [0x11c20000, 0x11c20000, 0x11f40000)
 tenured generation   total 96700K, used 76421K [0x122e0000, 0x1814f000, 0x182e0000)
   the space 96700K,  79% used [0x122e0000, 0x16d81608, 0x16d81800, 0x1814f000)
 compacting perm gen  total 38144K, used 37991K [0x182e0000, 0x1a820000, 0x1e2e0000)
   the space 38144K,  99% used [0x182e0000, 0x1a7f9da8, 0x1a7f9e00, 0x1a820000)
No shared spaces configured.
}
Event: 57097.773 GC heap before
{Heap before GC invocations=576 (full 2):
 def new generation   total 29056K, used 26983K [0x102e0000, 0x12260000, 0x122e0000)
  eden space 25856K, 100% used [0x102e0000, 0x11c20000, 0x11c20000)
  from space 3200K,  35% used [0x11f40000, 0x12059d48, 0x12260000)
  to   space 3200K,   0% used [0x11c20000, 0x11c20000, 0x11f40000)
 tenured generation   total 96700K, used 76421K [0x122e0000, 0x1814f000, 0x182e0000)
   the space 96700K,  79% used [0x122e0000, 0x16d81608, 0x16d81800, 0x1814f000)
 compacting perm gen  total 38144K, used 37991K [0x182e0000, 0x1a820000, 0x1e2e0000)
   the space 38144K,  99% used [0x182e0000, 0x1a7f9e48, 0x1a7fa000, 0x1a820000)
No shared spaces configured.
Event: 57097.781 GC heap after
Heap after GC invocations=577 (full 2):
 def new generation   total 29056K, used 1017K [0x102e0000, 0x12260000, 0x122e0000)
  eden space 25856K,   0% used [0x102e0000, 0x102e0000, 0x11c20000)
  from space 3200K,  31% used [0x11c20000, 0x11d1e5d0, 0x11f40000)
  to   space 3200K,   0% used [0x11f40000, 0x11f40000, 0x12260000)
 tenured generation   total 96700K, used 76421K [0x122e0000, 0x1814f000, 0x182e0000)
   the space 96700K,  79% used [0x122e0000, 0x16d81608, 0x16d81800, 0x1814f000)
 compacting perm gen  total 38144K, used 37991K [0x182e0000, 0x1a820000, 0x1e2e0000)
   the space 38144K,  99% used [0x182e0000, 0x1a7f9e48, 0x1a7fa000, 0x1a820000)
No shared spaces configured.
}
Event: 57104.531 GC heap before
{Heap before GC invocations=577 (full 2):
 def new generation   total 29056K, used 25193K [0x102e0000, 0x12260000, 0x122e0000)
  eden space 25856K,  93% used [0x102e0000, 0x11a7c148, 0x11c20000)
  from space 3200K,  31% used [0x11c20000, 0x11d1e5d0, 0x11f40000)
  to   space 3200K,   0% used [0x11f40000, 0x11f40000, 0x12260000)
 tenured generation   total 96700K, used 76421K [0x122e0000, 0x1814f000, 0x182e0000)
   the space 96700K,  79% used [0x122e0000, 0x16d81608, 0x16d81800, 0x1814f000)
 compacting perm gen  total 38144K, used 37998K [0x182e0000, 0x1a820000, 0x1e2e0000)
   the space 38144K,  99% used [0x182e0000, 0x1a7fbb00, 0x1a7fbc00, 0x1a820000)
No shared spaces configured.
Event: 57104.551 GC heap after
Heap after GC invocations=578 (full 2):
 def new generation   total 29056K, used 2251K [0x102e0000, 0x12260000, 0x122e0000)
  eden space 25856K,   0% used [0x102e0000, 0x102e0000, 0x11c20000)
  from space 3200K,  70% used [0x11f40000, 0x12172fe0, 0x12260000)
  to   space 3200K,   0% used [0x11c20000, 0x11c20000, 0x11f40000)
 tenured generation   total 96700K, used 76421K [0x122e0000, 0x1814f000, 0x182e0000)
   the space 96700K,  79% used [0x122e0000, 0x16d81608, 0x16d81800, 0x1814f000)
 compacting perm gen  total 38144K, used 37998K [0x182e0000, 0x1a820000, 0x1e2e0000)
   the space 38144K,  99% used [0x182e0000, 0x1a7fbb00, 0x1a7fbc00, 0x1a820000)
No shared spaces configured.
}

